1691150778726:add 1 2
1691150781035:add
1691150790891:add -help
1691151495891:help
1691151513130:clear
1691152127559:help
1691152162708:version
1691152170277:clear
1691154168157:help
1691157020303:history
1691157591818:add 1 2 3
1691166555609:connect
1691166569399:connect zdg 12
1691393108976:help
1691393133386:connect 127.0.0.1 3535
1691393199859:connect sdgasdf 2525
1691393567004:fshs
1691393603318:connect sfgseg 23235
1691393604939:fzsgasdg
1691393815316:connect df 356
1691393831798:connect fg 543
1691393953951:connect sadga 34
1691393960171:adf
1691393987261:connect afsg 56
1691394000923:sgh
1691394515670:help
1691405080085:connect 127.0.0.1 5522
1691405635209:connect sfg 544
1691415619020:connect 127 36
1691415837514:connect dfh 54
1691415937708:sfag
1691588051313:connect 127.0.0.1 5522
1691588164260:hgjkh
1691588164264:jhk
1691588182670:connect sdfg 4343
1691589557391:connect sfg 45
1691589637230:connect sfg 54
1691589705910:connect fgsa 567
1691590234641:connect sgda 5454
1691590386601:connect sfg 45
1691590429222:connect sfgs 45
1691590597270:connect fsd 554
1691590740474:connect sf 356
1691590940078:connect fsaga 56
1691591134105:connect sf 544
1691591290431:connect sfgas 566
1691591373501:connect df 5443
1691591459356:connect dsfh 5434
1691591700464:connect sf 5453
1691592233647:connect sfa 544
1691592486253:connect sadg 543
1691592681746:connect dfdsfag 546
1691592787855:connect sf 5454
1691592832793:connect sdf 456
1691593952681:connect
1691593959774:add 5 6
1691593986782:connect
1691596079133:add 5 6
1691596259095:connect
1691596876692:add 5 6
1691596889972:add 5 5
1691597099787:connect
1691597284426:add 5 6
1691597297898:add 5 5
1691597444933:connect
1691597487791:add 6 5
1691597722089:connect
1691598359608:add 5 6
1691598415569:connect
1691598460350:add 5 6
1691598573624:add 4 6
1691598580215:connect
1691598589030:add 4 5
1691598601833:connect
1691598648100:add 5 6
1691598975305:connect
1691661067584:add 5 6
1691661579641:connect
1691661588298:add 536 4t
1691662899854:connect sgsg 4534
1691662932121:connect sfga 43
1691663657904:add 436 356
1691663766858:add 235 234
1691663793242:connect 127.0.0.1 5522
1691663814747:add 4 5
1691663891536:add 5 6
1691663949436:connect 127.0.0.1 5522
1691664234887:connect sfg 544
1691664294876:connect 127.0.0.1 5522
1691664343266:connect localhost 5522
1691668466453:add 343 3443
1691670095673:connect localhost 5454
1691670517542:connect sdfg 356
1691670591573:connect sfgs 4545
1691670607002:connect sfgsfg 4455
1691670658926:connect sfgsfg 45545
1691670708167:connect sfgsg 436
1691670725469:connect locallhost 5544
1691670845551:connect localhost 5454
1691670866826:connect localhost 5522
1691671093165:connect esfg 453
1691671104056:connect localhost 5522
1691673828435:help
1691674084373:connect help
1691674111189:help help
1691675629921:connect sfg
1691675679602:connect
1691675689896:connect ag
1691675750578:connect
1691675907040:connect sfg
1691694657693:connect dsf
1691694713958:connect fhg
1691694778017:connect sdv
1691694804921:connect dfg
1691694964344:connect
1691695531915:connect help
1691695590883:connect
1691695614921:connect -help
1691695626609:help
1691695765201:connect
1691697300973:disconnect
1691697361723:diconnect
1691697374597:disconnect
1691697506220:disconnect help
1691697531556:disconnect
1691697562816:disconnect help
1691697591436:help
1691697629312:history
1691755653258:help
1691755671232:connect 127.0.0.1 5522
1691755847856:connect localhost 5522
1691756016092:connect sfg sdg
1691756037626:connect sfa agsg asgrg
1691756089618:connect
1691756107274:connect localhost 5522
1691756152032:connect
1691756171808:connect localhost 5522
1691760478367:diconnect
1691760485719:disconnect
1691760494608:connect sfa 4
1691760654450:connect localhost 5522
1691762998874:disconnect
1691763003809:help
1691763108648:connect locallhost 5522
1691763144011:connect localhost 5522
1691763642050:help
1691763675009:connect localhost 5522
1691764741776:help
1691765321063:connect 5522
1691765337077:connect localhost 5522
1691765347178:help
1691765443435:disconnect
1691765658271:help
1691765665564:clear
1691765681183:connect localhost 5522
1691767454623:help
1691767511078:m3ua asp sf
1691767750471:m3ua get sdfg
1691768148820:connect localhost 5522
1691768442358:connect localhost 5555
1691768523107:connect localhost 5522
1691768534752:help
1691768553152:connect fdsz
1691768565488:connect sdf
1691768611836:connect localhost 5522
1691769047607:m3ua get maxsequencenumber
1691769103807:connect localhost 5522
1691769139275:m3ua get maxsequencenumber
1691769202309:connect localhost 5522
1691769219243:m3ua get maxsequencenumber
1691769421203:connect localhost 5522
1691769496032:m3ua get maxsequencenumber
1691769649510:m3ua get maxasforroute
1691769773005:m3ua get deliverymessagethreadcount
1691769803420:m3ua get routinglabelformat
